#
# A fatal error has been detected by the Java Runtime Environment:
#
#  EXCEPTION_ACCESS_VIOLATION (0xc0000005) at pc=0x00007ffd1abc70c6, pid=8892, tid=14028
#
# JRE version: Java(TM) SE Runtime Environment (18.0+36) (build 18+36-2087)
# Java VM: Java HotSpot(TM) 64-Bit Server VM (18+36-2087, mixed mode, sharing, tiered, compressed oops, compressed class ptrs, g1 gc, windows-amd64)
# Problematic frame:
# V  [jvm.dll+0x6870c6]
#
# No core dump will be written. Minidumps are not enabled by default on client versions of Windows
#
# If you would like to submit a bug report, please visit:
#   https://bugreport.java.com/bugreport/crash.jsp
#

---------------  S U M M A R Y ------------

Command Line: -Dvisualvm.id=14747090029500 -javaagent:C:\Program Files\JetBrains\IntelliJ IDEA Community Edition 2021.3.3\lib\idea_rt.jar=59948:C:\Program Files\JetBrains\IntelliJ IDEA Community Edition 2021.3.3\bin -Dfile.encoding=UTF-8 Main

Host: AMD Ryzen 5 1600 Six-Core Processor            , 12 cores, 15G,  Windows 10 , 64 bit Build 19041 (10.0.19041.2546)
Time: Mon Mar  6 13:07:37 2023 GMT Standard Time elapsed time: 58.681159 seconds (0d 0h 0m 58s)

---------------  T H R E A D  ---------------

Current thread (0x0000027bc3bba410):  WorkerThread "GC Thread#5" [stack: 0x000000a9d7200000,0x000000a9d7300000] [id=14028]

Stack: [0x000000a9d7200000,0x000000a9d7300000],  sp=0x000000a9d72fdd20,  free space=1015k
Native frames: (J=compiled Java code, j=interpreted, Vv=VM code, C=native code)
V  [jvm.dll+0x6870c6]
V  [jvm.dll+0x64cb07]
V  [jvm.dll+0x2e60f8]
V  [jvm.dll+0x2e5ac4]
V  [jvm.dll+0x2e5a55]
V  [jvm.dll+0x7a38b6]
V  [jvm.dll+0x7a3749]
V  [jvm.dll+0x7a3d20]
V  [jvm.dll+0x33624c]
V  [jvm.dll+0x3360e5]
V  [jvm.dll+0x33e704]
V  [jvm.dll+0x33e87b]
V  [jvm.dll+0x81f2b4]
V  [jvm.dll+0x79fbba]
V  [jvm.dll+0x696ef5]
C  [ucrtbase.dll+0x21bb2]
C  [KERNEL32.DLL+0x17614]
C  [ntdll.dll+0x526a1]

JavaThread 0x0000027bc35a03e0 (nid = 15180) was being processed
Java frames: (J=compiled Java code, j=interpreted, Vv=VM code)
j  java.lang.Object.wait(J)V+0 java.base@18
j  java.lang.ref.ReferenceQueue.remove(J)Ljava/lang/ref/Reference;+59 java.base@18
j  java.lang.ref.ReferenceQueue.remove()Ljava/lang/ref/Reference;+2 java.base@18
j  org.bytedeco.javacpp.Pointer$DeallocatorThread.run()V+3
v  ~StubRoutines::call_stub

siginfo: EXCEPTION_ACCESS_VIOLATION (0xc0000005), reading address 0xffffffffffffffff


Register to memory mapping:

RIP=0x00007ffd1abc70c6 jvm.dll
RAX=0x3f80000000000000 is an unknown value
RBX=0x00000000000000c0 is an unknown value
RCX=0x0 is NULL
RDX=0x0 is NULL
RSP=0x000000a9d72fdd20 points into unknown readable memory: 0x0000000000000000 | 00 00 00 00 00 00 00 00
RBP=0x0 is NULL
RSI=0x0000027bc226d040 points into unknown readable memory: 0x3f80000000000000 | 00 00 00 00 00 00 80 3f
RDI=0x00000000000000c0 is an unknown value
R8 =0x0 is NULL
R9 =0x000000a9d72fded0 points into unknown readable memory: 0x0000000000000000 | 00 00 00 00 00 00 00 00
R10=0x0000000800b2cc50 is pointing into metadata
R11=0x000000a9d72fdf48 points into unknown readable memory: 0x00007ffd1a825ac4 | c4 5a 82 1a fd 7f 00 00
R12=0x0 is NULL
R13=0x000000a9d72fded0 points into unknown readable memory: 0x0000000000000000 | 00 00 00 00 00 00 00 00
R14=0x0000027bc224c6e8 points into unknown readable memory: 0x00007ffd1ae66118 | 18 61 e6 1a fd 7f 00 00
R15=0x000000a9d72fddb0 points into unknown readable memory: 0x0000000800439a08 | 08 9a 43 00 08 00 00 00


Registers:
RAX=0x3f80000000000000, RBX=0x00000000000000c0, RCX=0x0000000000000000, RDX=0x0000000000000000
RSP=0x000000a9d72fdd20, RBP=0x0000000000000000, RSI=0x0000027bc226d040, RDI=0x00000000000000c0
R8 =0x0000000000000000, R9 =0x000000a9d72fded0, R10=0x0000000800b2cc50, R11=0x000000a9d72fdf48
R12=0x0000000000000000, R13=0x000000a9d72fded0, R14=0x0000027bc224c6e8, R15=0x000000a9d72fddb0
RIP=0x00007ffd1abc70c6, EFLAGS=0x0000000000010246

Top of Stack: (sp=0x000000a9d72fdd20)
0x000000a9d72fdd20:   0000000000000000 0000000000000000
0x000000a9d72fdd30:   0000000000000000 0000000000000000
0x000000a9d72fdd40:   0000000000000000 0000000000000000
0x000000a9d72fdd50:   0000027bc224c6e0 0000027bc224c6e8
0x000000a9d72fdd60:   00000000000003d8 0000000000000000
0x000000a9d72fdd70:   000000a9d72fded0 0000000000000000
0x000000a9d72fdd80:   0000027bc34dd250 00007ffd1ab8cb07
0x000000a9d72fdd90:   0000000800439a08 0000027bc34dd250
0x000000a9d72fdda0:   0000000000000000 000000a9d72fded0
0x000000a9d72fddb0:   0000000800439a08 0000027bc3bba410
0x000000a9d72fddc0:   000000a9d72fe090 00007ffd1a8260f8
0x000000a9d72fddd0:   0000000800439a08 000000a9d72fe0c0
0x000000a9d72fdde0:   000000a9d72fded0 0000027bc224c790
0x000000a9d72fddf0:   0000000000000001 0000000800439a08
0x000000a9d72fde00:   0000027bc3bba410 0000000800000000
0x000000a9d72fde10:   000000a9d72fe0c0 0000000000000000 

Instructions: (pc=0x00007ffd1abc70c6)
0x00007ffd1abc6fc6:   4d 8b e9 41 8b e8 48 8b f1 4c 8b 50 08 41 0f b7
0x00007ffd1abc6fd6:   42 20 41 0f b7 5a 2c c1 e3 02 33 d8 41 0f b7 42
0x00007ffd1abc6fe6:   2a c1 e3 02 33 d8 c1 e3 02 41 33 d8 48 85 d2 0f
0x00007ffd1abc6ff6:   84 b0 00 00 00 65 48 8b 04 25 58 00 00 00 8b 0d
0x00007ffd1abc7006:   1e ef 4e 00 48 8b 3c c8 b8 50 00 00 00 80 3c 38
0x00007ffd1abc7016:   00 75 0c e8 5e 67 1c 00 48 8b 15 f3 44 4c 00 b8
0x00007ffd1abc7026:   20 00 00 00 48 8b 04 38 48 8b b8 18 02 00 00 48
0x00007ffd1abc7036:   8b 47 28 4c 8b 77 10 4c 8b 67 18 4c 8b 6f 20 48
0x00007ffd1abc7046:   89 44 24 78 48 85 d2 74 2f 49 8b 0f ff 05 a0 43
0x00007ffd1abc7056:   4c 00 e8 03 5d fc ff 8b 15 95 43 4c 00 48 8d 0d
0x00007ffd1abc7066:   26 91 2e 00 4c 8b c8 89 5c 24 20 44 8b c5 e8 c7
0x00007ffd1abc7076:   f1 ff ff 48 8b 44 24 78 49 83 3e 00 74 13 48 8b
0x00007ffd1abc7086:   d0 48 8b cf e8 d1 20 a3 ff 49 8b ce e8 a9 20 a3
0x00007ffd1abc7096:   ff 4c 89 6f 20 4c 8b ac 24 88 00 00 00 4c 89 77
0x00007ffd1abc70a6:   10 4c 89 67 18 8b fb 0f 1f 00 8b c7 25 1f 00 00
0x00007ffd1abc70b6:   80 7d 07 ff c8 83 c8 e0 ff c0 48 63 c8 48 8b 06
0x00007ffd1abc70c6:   48 8b 14 c8 48 85 d2 74 19 48 8b 02 48 85 c0 74
0x00007ffd1abc70d6:   11 49 3b 07 75 0c 0f b7 42 08 3b c5 0f 84 98 00
0x00007ffd1abc70e6:   00 00 ff c7 8b c7 2b c3 83 f8 03 7c bd 45 33 c0
0x00007ffd1abc70f6:   41 8d 50 01 8d 4a 3f e8 2e c0 a2 ff 33 ff 44 8b
0x00007ffd1abc7106:   c5 49 8b d7 48 8b c8 4c 8b f0 48 89 38 48 c7 40
0x00007ffd1abc7116:   0c ff ff 00 00 66 89 78 08 48 89 78 18 48 89 78
0x00007ffd1abc7126:   20 48 89 78 28 48 89 78 30 e8 6c f6 ff ff 49 8b
0x00007ffd1abc7136:   06 49 89 45 00 41 0f b7 46 08 66 41 89 45 08 45
0x00007ffd1abc7146:   8b 46 0c 45 89 45 0c 41 8b 46 10 41 89 45 10 41
0x00007ffd1abc7156:   8d 40 3f 99 83 e2 3f 03 c2 c1 f8 06 48 63 c8 48
0x00007ffd1abc7166:   c1 e1 03 41 81 7e 0c 00 01 00 00 7f 36 4c 8b c1
0x00007ffd1abc7176:   49 8d 56 18 49 8d 4d 18 eb 52 49 8b cd e8 88 01
0x00007ffd1abc7186:   00 00 48 83 3d 88 43 4c 00 00 0f 84 e2 00 00 00
0x00007ffd1abc7196:   8b d7 48 8d 0d 29 90 2e 00 e8 9c f0 ff ff e9 cf
0x00007ffd1abc71a6:   00 00 00 33 d2 e8 90 5d 06 00 49 89 45 18 48 8b
0x00007ffd1abc71b6:   c8 41 8b 45 0c 83 c0 3f 99 83 e2 3f 03 c2 49 8b 


Stack slot to memory mapping:
stack at sp + 0 slots: 0x0 is NULL
stack at sp + 1 slots: 0x0 is NULL
stack at sp + 2 slots: 0x0 is NULL
stack at sp + 3 slots: 0x0 is NULL
stack at sp + 4 slots: 0x0 is NULL
stack at sp + 5 slots: 0x0 is NULL
stack at sp + 6 slots: 0x0000027bc224c6e0 points into unknown readable memory: 0x00007ffd1ae66160 | 60 61 e6 1a fd 7f 00 00
stack at sp + 7 slots: 0x0000027bc224c6e8 points into unknown readable memory: 0x00007ffd1ae66118 | 18 61 e6 1a fd 7f 00 00


---------------  P R O C E S S  ---------------

Threads class SMR info:
_java_thread_list=0x0000027bc258f9f0, length=14, elements={
0x0000027b9895e100, 0x0000027bbd6c2a20, 0x0000027bbd6c4430, 0x0000027bbd6e00b0,
0x0000027bbd6e1970, 0x0000027bbd6e2310, 0x0000027bbd6e3450, 0x0000027bbd6f2b80,
0x0000027bbd6f5180, 0x0000027bbd6f7780, 0x0000027bbd6af600, 0x0000027bc1e8e6c0,
0x0000027bc1e8eb80, 0x0000027bc35a03e0
}

Java Threads: ( => current thread )
  0x0000027b9895e100 JavaThread "main" [_thread_blocked, id=7340, stack(0x000000a9d5300000,0x000000a9d5400000)]
  0x0000027bbd6c2a20 JavaThread "Reference Handler" daemon [_thread_blocked, id=11964, stack(0x000000a9d5a00000,0x000000a9d5b00000)]
  0x0000027bbd6c4430 JavaThread "Finalizer" daemon [_thread_blocked, id=7432, stack(0x000000a9d5b00000,0x000000a9d5c00000)]
  0x0000027bbd6e00b0 JavaThread "Signal Dispatcher" daemon [_thread_blocked, id=13660, stack(0x000000a9d5c00000,0x000000a9d5d00000)]
  0x0000027bbd6e1970 JavaThread "Attach Listener" daemon [_thread_blocked, id=10972, stack(0x000000a9d5d00000,0x000000a9d5e00000)]
  0x0000027bbd6e2310 JavaThread "Service Thread" daemon [_thread_blocked, id=13892, stack(0x000000a9d5e00000,0x000000a9d5f00000)]
  0x0000027bbd6e3450 JavaThread "Monitor Deflation Thread" daemon [_thread_blocked, id=5888, stack(0x000000a9d5f00000,0x000000a9d6000000)]
  0x0000027bbd6f2b80 JavaThread "C2 CompilerThread0" daemon [_thread_blocked, id=13136, stack(0x000000a9d6000000,0x000000a9d6100000)]
  0x0000027bbd6f5180 JavaThread "C1 CompilerThread0" daemon [_thread_blocked, id=12972, stack(0x000000a9d6100000,0x000000a9d6200000)]
  0x0000027bbd6f7780 JavaThread "Sweeper thread" daemon [_thread_blocked, id=13872, stack(0x000000a9d6200000,0x000000a9d6300000)]
  0x0000027bbd6af600 JavaThread "Common-Cleaner" daemon [_thread_blocked, id=284, stack(0x000000a9d6300000,0x000000a9d6400000)]
  0x0000027bc1e8e6c0 JavaThread "Monitor Ctrl-Break" daemon [_thread_in_native, id=14804, stack(0x000000a9d6400000,0x000000a9d6500000)]
  0x0000027bc1e8eb80 JavaThread "Notification Thread" daemon [_thread_blocked, id=4180, stack(0x000000a9d6500000,0x000000a9d6600000)]
  0x0000027bc35a03e0 JavaThread "JavaCPP Deallocator" daemon [_thread_blocked, id=15180, stack(0x000000a9d6900000,0x000000a9d6a00000)]

Other Threads:
  0x0000027b989e98a0 VMThread "VM Thread" [stack: 0x000000a9d5900000,0x000000a9d5a00000] [id=9100]
  0x0000027bc1e904e0 WatcherThread "VM Periodic Task Thread" [stack: 0x000000a9d6600000,0x000000a9d6700000] [id=8772]
  0x0000027b989d0e70 WorkerThread "GC Thread#0" [stack: 0x000000a9d5400000,0x000000a9d5500000] [id=5728]
  0x0000027bc3bbdb30 WorkerThread "GC Thread#1" [stack: 0x000000a9d6700000,0x000000a9d6800000] [id=11044]
  0x0000027bc3bbb130 WorkerThread "GC Thread#2" [stack: 0x000000a9d6800000,0x000000a9d6900000] [id=6636]
  0x0000027bc3bbb670 WorkerThread "GC Thread#3" [stack: 0x000000a9d7000000,0x000000a9d7100000] [id=3016]
  0x0000027bc3bbbbb0 WorkerThread "GC Thread#4" [stack: 0x000000a9d7100000,0x000000a9d7200000] [id=11368]
=>0x0000027bc3bba410 WorkerThread "GC Thread#5" [stack: 0x000000a9d7200000,0x000000a9d7300000] [id=14028]
  0x0000027b989e1ca0 ConcurrentGCThread "G1 Main Marker" [stack: 0x000000a9d5500000,0x000000a9d5600000] [id=7196]
  0x0000027b989e2e30 WorkerThread "G1 Conc#0" [stack: 0x000000a9d5600000,0x000000a9d5700000] [id=11376]
  0x0000027b989fe500 ConcurrentGCThread "G1 Refine#0" [stack: 0x000000a9d5700000,0x000000a9d5800000] [id=13732]
  0x0000027bbd57cd50 ConcurrentGCThread "G1 Service" [stack: 0x000000a9d5800000,0x000000a9d5900000] [id=7460]

Threads with active compile tasks:
C2 CompilerThread0    58761 1004 %     4       Level.Terrain::generate @ 183 (510 bytes)

VM state: at safepoint (normal execution)

VM Mutex/Monitor currently owned by a thread:  ([mutex/lock_event])
[0x0000027b98958320] Threads_lock - owner thread: 0x0000027b989e98a0
[0x0000027b98958440] Heap_lock - owner thread: 0x0000027b9895e100

Heap address: 0x0000000701000000, size: 4080 MB, Compressed Oops mode: Zero based, Oop shift amount: 3

CDS archive(s) mapped at: [0x0000000800000000-0x0000000800ba0000-0x0000000800ba0000), size 12189696, SharedBaseAddress: 0x0000000800000000, ArchiveRelocationMode: 0.
Compressed class space mapped at: 0x0000000800c00000-0x0000000840c00000, reserved size: 1073741824
Narrow klass base: 0x0000000800000000, Narrow klass shift: 0, Narrow klass range: 0x100000000

GC Precious Log:
 CardTable entry size: 512
 Card Set container configuration: InlinePtr #cards 4 size 8 Array Of Cards #cards 16 size 48 Howl #buckets 8 coarsen threshold 3686 Howl Bitmap #cards 512 size 80 coarsen threshold 460 Card regions per heap region 1 cards per card region 4096
 CPUs: 12 total, 12 available
 Memory: 16315M
 Large Page Support: Disabled
 NUMA Support: Disabled
 Compressed Oops: Enabled (Zero based)
 Heap Region Size: 2M
 Heap Min Capacity: 8M
 Heap Initial Capacity: 256M
 Heap Max Capacity: 4080M
 Pre-touch: Disabled
 Parallel Workers: 10
 Concurrent Workers: 3
 Concurrent Refinement Workers: 10
 Periodic GC: Disabled

Heap:
 garbage-first heap   total 262144K, used 154399K [0x0000000701000000, 0x0000000800000000)
  region size 2048K, 77 young (157696K), 3 survivors (6144K)
 Metaspace       used 2860K, committed 3072K, reserved 1114112K
  class space    used 251K, committed 384K, reserved 1048576K

Heap Regions: E=young(eden), S=young(survivor), O=old, HS=humongous(starts), HC=humongous(continues), CS=collection set, F=free, OA=open archive, CA=closed archive, TAMS=top-at-mark-start (previous, next)
|   0|0x0000000701000000, 0x0000000701000000, 0x0000000701200000|  0%| F|  |TAMS 0x0000000701000000, 0x0000000701000000| Untracked 
|   1|0x0000000701200000, 0x0000000701200000, 0x0000000701400000|  0%| F|  |TAMS 0x0000000701200000, 0x0000000701200000| Untracked 
|   2|0x0000000701400000, 0x0000000701400000, 0x0000000701600000|  0%| F|  |TAMS 0x0000000701400000, 0x0000000701400000| Untracked 
|   3|0x0000000701600000, 0x0000000701600000, 0x0000000701800000|  0%| F|  |TAMS 0x0000000701600000, 0x0000000701600000| Untracked 
|   4|0x0000000701800000, 0x0000000701800000, 0x0000000701a00000|  0%| F|  |TAMS 0x0000000701800000, 0x0000000701800000| Untracked 
|   5|0x0000000701a00000, 0x0000000701a00000, 0x0000000701c00000|  0%| F|  |TAMS 0x0000000701a00000, 0x0000000701a00000| Untracked 
|   6|0x0000000701c00000, 0x0000000701c00000, 0x0000000701e00000|  0%| F|  |TAMS 0x0000000701c00000, 0x0000000701c00000| Untracked 
|   7|0x0000000701e00000, 0x0000000701e00000, 0x0000000702000000|  0%| F|  |TAMS 0x0000000701e00000, 0x0000000701e00000| Untracked 
|   8|0x0000000702000000, 0x0000000702000000, 0x0000000702200000|  0%| F|  |TAMS 0x0000000702000000, 0x0000000702000000| Untracked 
|   9|0x0000000702200000, 0x0000000702200000, 0x0000000702400000|  0%| F|  |TAMS 0x0000000702200000, 0x0000000702200000| Untracked 
|  10|0x0000000702400000, 0x0000000702400000, 0x0000000702600000|  0%| F|  |TAMS 0x0000000702400000, 0x0000000702400000| Untracked 
|  11|0x0000000702600000, 0x0000000702600000, 0x0000000702800000|  0%| F|  |TAMS 0x0000000702600000, 0x0000000702600000| Untracked 
|  12|0x0000000702800000, 0x0000000702800000, 0x0000000702a00000|  0%| F|  |TAMS 0x0000000702800000, 0x0000000702800000| Untracked 
|  13|0x0000000702a00000, 0x0000000702a00000, 0x0000000702c00000|  0%| F|  |TAMS 0x0000000702a00000, 0x0000000702a00000| Untracked 
|  14|0x0000000702c00000, 0x0000000702c00000, 0x0000000702e00000|  0%| F|  |TAMS 0x0000000702c00000, 0x0000000702c00000| Untracked 
|  15|0x0000000702e00000, 0x0000000702e00000, 0x0000000703000000|  0%| F|  |TAMS 0x0000000702e00000, 0x0000000702e00000| Untracked 
|  16|0x0000000703000000, 0x0000000703000000, 0x0000000703200000|  0%| F|  |TAMS 0x0000000703000000, 0x0000000703000000| Untracked 
|  17|0x0000000703200000, 0x0000000703200000, 0x0000000703400000|  0%| F|  |TAMS 0x0000000703200000, 0x0000000703200000| Untracked 
|  18|0x0000000703400000, 0x0000000703400000, 0x0000000703600000|  0%| F|  |TAMS 0x0000000703400000, 0x0000000703400000| Untracked 
|  19|0x0000000703600000, 0x0000000703600000, 0x0000000703800000|  0%| F|  |TAMS 0x0000000703600000, 0x0000000703600000| Untracked 
|  20|0x0000000703800000, 0x0000000703800000, 0x0000000703a00000|  0%| F|  |TAMS 0x0000000703800000, 0x0000000703800000| Untracked 
|  21|0x0000000703a00000, 0x0000000703a00000, 0x0000000703c00000|  0%| F|  |TAMS 0x0000000703a00000, 0x0000000703a00000| Untracked 
|  22|0x0000000703c00000, 0x0000000703c00000, 0x0000000703e00000|  0%| F|  |TAMS 0x0000000703c00000, 0x0000000703c00000| Untracked 
|  23|0x0000000703e00000, 0x0000000703e00000, 0x0000000704000000|  0%| F|  |TAMS 0x0000000703e00000, 0x0000000703e00000| Untracked 
|  24|0x0000000704000000, 0x0000000704000000, 0x0000000704200000|  0%| F|  |TAMS 0x0000000704000000, 0x0000000704000000| Untracked 
|  25|0x0000000704200000, 0x0000000704200000, 0x0000000704400000|  0%| F|  |TAMS 0x0000000704200000, 0x0000000704200000| Untracked 
|  26|0x0000000704400000, 0x0000000704400000, 0x0000000704600000|  0%| F|  |TAMS 0x0000000704400000, 0x0000000704400000| Untracked 
|  27|0x0000000704600000, 0x0000000704600000, 0x0000000704800000|  0%| F|  |TAMS 0x0000000704600000, 0x0000000704600000| Untracked 
|  28|0x0000000704800000, 0x0000000704800000, 0x0000000704a00000|  0%| F|  |TAMS 0x0000000704800000, 0x0000000704800000| Untracked 
|  29|0x0000000704a00000, 0x0000000704a00000, 0x0000000704c00000|  0%| F|  |TAMS 0x0000000704a00000, 0x0000000704a00000| Untracked 
|  30|0x0000000704c00000, 0x0000000704c00000, 0x0000000704e00000|  0%| F|  |TAMS 0x0000000704c00000, 0x0000000704c00000| Untracked 
|  31|0x0000000704e00000, 0x0000000704e00000, 0x0000000705000000|  0%| F|  |TAMS 0x0000000704e00000, 0x0000000704e00000| Untracked 
|  32|0x0000000705000000, 0x0000000705000000, 0x0000000705200000|  0%| F|  |TAMS 0x0000000705000000, 0x0000000705000000| Untracked 
|  33|0x0000000705200000, 0x0000000705200000, 0x0000000705400000|  0%| F|  |TAMS 0x0000000705200000, 0x0000000705200000| Untracked 
|  34|0x0000000705400000, 0x0000000705400000, 0x0000000705600000|  0%| F|  |TAMS 0x0000000705400000, 0x0000000705400000| Untracked 
|  35|0x0000000705600000, 0x0000000705600000, 0x0000000705800000|  0%| F|  |TAMS 0x0000000705600000, 0x0000000705600000| Untracked 
|  36|0x0000000705800000, 0x0000000705800000, 0x0000000705a00000|  0%| F|  |TAMS 0x0000000705800000, 0x0000000705800000| Untracked 
|  37|0x0000000705a00000, 0x0000000705a00000, 0x0000000705c00000|  0%| F|  |TAMS 0x0000000705a00000, 0x0000000705a00000| Untracked 
|  38|0x0000000705c00000, 0x0000000705c00000, 0x0000000705e00000|  0%| F|  |TAMS 0x0000000705c00000, 0x0000000705c00000| Untracked 
|  39|0x0000000705e00000, 0x0000000705e00000, 0x0000000706000000|  0%| F|  |TAMS 0x0000000705e00000, 0x0000000705e00000| Untracked 
|  40|0x0000000706000000, 0x0000000706000000, 0x0000000706200000|  0%| F|  |TAMS 0x0000000706000000, 0x0000000706000000| Untracked 
|  41|0x0000000706200000, 0x0000000706200000, 0x0000000706400000|  0%| F|  |TAMS 0x0000000706200000, 0x0000000706200000| Untracked 
|  42|0x0000000706400000, 0x0000000706400000, 0x0000000706600000|  0%| F|  |TAMS 0x0000000706400000, 0x0000000706400000| Untracked 
|  43|0x0000000706600000, 0x0000000706600000, 0x0000000706800000|  0%| F|  |TAMS 0x0000000706600000, 0x0000000706600000| Untracked 
|  44|0x0000000706800000, 0x0000000706800000, 0x0000000706a00000|  0%| F|  |TAMS 0x0000000706800000, 0x0000000706800000| Untracked 
|  45|0x0000000706a00000, 0x0000000706a00000, 0x0000000706c00000|  0%| F|  |TAMS 0x0000000706a00000, 0x0000000706a00000| Untracked 
|  46|0x0000000706c00000, 0x0000000706c00000, 0x0000000706e00000|  0%| F|  |TAMS 0x0000000706c00000, 0x0000000706c00000| Untracked 
|  47|0x0000000706e00000, 0x0000000706e00000, 0x0000000707000000|  0%| F|  |TAMS 0x0000000706e00000, 0x0000000706e00000| Untracked 
|  48|0x0000000707000000, 0x0000000707000000, 0x0000000707200000|  0%| F|  |TAMS 0x0000000707000000, 0x0000000707000000| Untracked 
|  49|0x0000000707200000, 0x0000000707240530, 0x0000000707400000| 12%| S|  |TAMS 0x0000000707200000, 0x0000000707200000| Complete 
|  50|0x0000000707400000, 0x0000000707600000, 0x0000000707600000|100%| S|  |TAMS 0x0000000707400000, 0x0000000707400000| Complete 
|  51|0x0000000707600000, 0x0000000707800000, 0x0000000707800000|100%| S|  |TAMS 0x0000000707600000, 0x0000000707600000| Complete 
|  52|0x0000000707800000, 0x0000000707a00000, 0x0000000707a00000|100%| E|CS|TAMS 0x0000000707800000, 0x0000000707800000| Complete 
|  53|0x0000000707a00000, 0x0000000707c00000, 0x0000000707c00000|100%| E|CS|TAMS 0x0000000707a00000, 0x0000000707a00000| Complete 
|  54|0x0000000707c00000, 0x0000000707e00000, 0x0000000707e00000|100%| E|CS|TAMS 0x0000000707c00000, 0x0000000707c00000| Complete 
|  55|0x0000000707e00000, 0x0000000708000000, 0x0000000708000000|100%| E|CS|TAMS 0x0000000707e00000, 0x0000000707e00000| Complete 
|  56|0x0000000708000000, 0x0000000708200000, 0x0000000708200000|100%| E|CS|TAMS 0x0000000708000000, 0x0000000708000000| Complete 
|  57|0x0000000708200000, 0x0000000708400000, 0x0000000708400000|100%| E|CS|TAMS 0x0000000708200000, 0x0000000708200000| Complete 
|  58|0x0000000708400000, 0x0000000708600000, 0x0000000708600000|100%| E|CS|TAMS 0x0000000708400000, 0x0000000708400000| Complete 
|  59|0x0000000708600000, 0x0000000708800000, 0x0000000708800000|100%| E|CS|TAMS 0x0000000708600000, 0x0000000708600000| Complete 
|  60|0x0000000708800000, 0x0000000708a00000, 0x0000000708a00000|100%| E|CS|TAMS 0x0000000708800000, 0x0000000708800000| Complete 
|  61|0x0000000708a00000, 0x0000000708c00000, 0x0000000708c00000|100%| E|CS|TAMS 0x0000000708a00000, 0x0000000708a00000| Complete 
|  62|0x0000000708c00000, 0x0000000708e00000, 0x0000000708e00000|100%| E|CS|TAMS 0x0000000708c00000, 0x0000000708c00000| Complete 
|  63|0x0000000708e00000, 0x0000000709000000, 0x0000000709000000|100%| E|CS|TAMS 0x0000000708e00000, 0x0000000708e00000| Complete 
|  64|0x0000000709000000, 0x0000000709200000, 0x0000000709200000|100%| E|CS|TAMS 0x0000000709000000, 0x0000000709000000| Complete 
|  65|0x0000000709200000, 0x0000000709400000, 0x0000000709400000|100%| E|CS|TAMS 0x0000000709200000, 0x0000000709200000| Complete 
|  66|0x0000000709400000, 0x0000000709600000, 0x0000000709600000|100%| E|CS|TAMS 0x0000000709400000, 0x0000000709400000| Complete 
|  67|0x0000000709600000, 0x0000000709800000, 0x0000000709800000|100%| E|CS|TAMS 0x0000000709600000, 0x0000000709600000| Complete 
|  68|0x0000000709800000, 0x0000000709a00000, 0x0000000709a00000|100%| E|CS|TAMS 0x0000000709800000, 0x0000000709800000| Complete 
|  69|0x0000000709a00000, 0x0000000709c00000, 0x0000000709c00000|100%| E|CS|TAMS 0x0000000709a00000, 0x0000000709a00000| Complete 
|  70|0x0000000709c00000, 0x0000000709e00000, 0x0000000709e00000|100%| E|CS|TAMS 0x0000000709c00000, 0x0000000709c00000| Complete 
|  71|0x0000000709e00000, 0x000000070a000000, 0x000000070a000000|100%| E|CS|TAMS 0x0000000709e00000, 0x0000000709e00000| Complete 
|  72|0x000000070a000000, 0x000000070a200000, 0x000000070a200000|100%| E|CS|TAMS 0x000000070a000000, 0x000000070a000000| Complete 
|  73|0x000000070a200000, 0x000000070a400000, 0x000000070a400000|100%| E|CS|TAMS 0x000000070a200000, 0x000000070a200000| Complete 
|  74|0x000000070a400000, 0x000000070a600000, 0x000000070a600000|100%| E|CS|TAMS 0x000000070a400000, 0x000000070a400000| Complete 
|  75|0x000000070a600000, 0x000000070a800000, 0x000000070a800000|100%| E|CS|TAMS 0x000000070a600000, 0x000000070a600000| Complete 
|  76|0x000000070a800000, 0x000000070aa00000, 0x000000070aa00000|100%| E|CS|TAMS 0x000000070a800000, 0x000000070a800000| Complete 
|  77|0x000000070aa00000, 0x000000070ac00000, 0x000000070ac00000|100%| E|CS|TAMS 0x000000070aa00000, 0x000000070aa00000| Complete 
|  78|0x000000070ac00000, 0x000000070ae00000, 0x000000070ae00000|100%| E|CS|TAMS 0x000000070ac00000, 0x000000070ac00000| Complete 
|  79|0x000000070ae00000, 0x000000070b000000, 0x000000070b000000|100%| E|CS|TAMS 0x000000070ae00000, 0x000000070ae00000| Complete 
|  80|0x000000070b000000, 0x000000070b200000, 0x000000070b200000|100%| E|CS|TAMS 0x000000070b000000, 0x000000070b000000| Complete 
|  81|0x000000070b200000, 0x000000070b400000, 0x000000070b400000|100%| E|CS|TAMS 0x000000070b200000, 0x000000070b200000| Complete 
|  82|0x000000070b400000, 0x000000070b600000, 0x000000070b600000|100%| E|CS|TAMS 0x000000070b400000, 0x000000070b400000| Complete 
|  83|0x000000070b600000, 0x000000070b800000, 0x000000070b800000|100%| E|CS|TAMS 0x000000070b600000, 0x000000070b600000| Complete 
|  84|0x000000070b800000, 0x000000070ba00000, 0x000000070ba00000|100%| E|CS|TAMS 0x000000070b800000, 0x000000070b800000| Complete 
|  85|0x000000070ba00000, 0x000000070bc00000, 0x000000070bc00000|100%| E|CS|TAMS 0x000000070ba00000, 0x000000070ba00000| Complete 
|  86|0x000000070bc00000, 0x000000070be00000, 0x000000070be00000|100%| E|CS|TAMS 0x000000070bc00000, 0x000000070bc00000| Complete 
|  87|0x000000070be00000, 0x000000070c000000, 0x000000070c000000|100%| E|CS|TAMS 0x000000070be00000, 0x000000070be00000| Complete 
|  88|0x000000070c000000, 0x000000070c200000, 0x000000070c200000|100%| E|CS|TAMS 0x000000070c000000, 0x000000070c000000| Complete 
|  89|0x000000070c200000, 0x000000070c400000, 0x000000070c400000|100%| E|CS|TAMS 0x000000070c200000, 0x000000070c200000| Complete 
|  90|0x000000070c400000, 0x000000070c600000, 0x000000070c600000|100%| E|CS|TAMS 0x000000070c400000, 0x000000070c400000| Complete 
|  91|0x000000070c600000, 0x000000070c800000, 0x000000070c800000|100%| E|CS|TAMS 0x000000070c600000, 0x000000070c600000| Complete 
|  92|0x000000070c800000, 0x000000070ca00000, 0x000000070ca00000|100%| E|CS|TAMS 0x000000070c800000, 0x000000070c800000| Complete 
|  93|0x000000070ca00000, 0x000000070cc00000, 0x000000070cc00000|100%| E|CS|TAMS 0x000000070ca00000, 0x000000070ca00000| Complete 
|  94|0x000000070cc00000, 0x000000070ce00000, 0x000000070ce00000|100%| E|CS|TAMS 0x000000070cc00000, 0x000000070cc00000| Complete 
|  95|0x000000070ce00000, 0x000000070d000000, 0x000000070d000000|100%| E|CS|TAMS 0x000000070ce00000, 0x000000070ce00000| Complete 
|  96|0x000000070d000000, 0x000000070d200000, 0x000000070d200000|100%| E|CS|TAMS 0x000000070d000000, 0x000000070d000000| Complete 
|  97|0x000000070d200000, 0x000000070d400000, 0x000000070d400000|100%| E|CS|TAMS 0x000000070d200000, 0x000000070d200000| Complete 
|  98|0x000000070d400000, 0x000000070d600000, 0x000000070d600000|100%| E|CS|TAMS 0x000000070d400000, 0x000000070d400000| Complete 
|  99|0x000000070d600000, 0x000000070d800000, 0x000000070d800000|100%| E|CS|TAMS 0x000000070d600000, 0x000000070d600000| Complete 
| 100|0x000000070d800000, 0x000000070da00000, 0x000000070da00000|100%| E|CS|TAMS 0x000000070d800000, 0x000000070d800000| Complete 
| 101|0x000000070da00000, 0x000000070dc00000, 0x000000070dc00000|100%| E|CS|TAMS 0x000000070da00000, 0x000000070da00000| Complete 
| 102|0x000000070dc00000, 0x000000070de00000, 0x000000070de00000|100%| E|CS|TAMS 0x000000070dc00000, 0x000000070dc00000| Complete 
| 103|0x000000070de00000, 0x000000070e000000, 0x000000070e000000|100%| E|CS|TAMS 0x000000070de00000, 0x000000070de00000| Complete 
| 104|0x000000070e000000, 0x000000070e200000, 0x000000070e200000|100%| E|CS|TAMS 0x000000070e000000, 0x000000070e000000| Complete 
| 105|0x000000070e200000, 0x000000070e400000, 0x000000070e400000|100%| E|CS|TAMS 0x000000070e200000, 0x000000070e200000| Complete 
| 106|0x000000070e400000, 0x000000070e4c7fa8, 0x000000070e600000| 39%| E|CS|TAMS 0x000000070e400000, 0x000000070e400000| Complete 
| 107|0x000000070e600000, 0x000000070e800000, 0x000000070e800000|100%| E|CS|TAMS 0x000000070e600000, 0x000000070e600000| Complete 
| 108|0x000000070e800000, 0x000000070ea00000, 0x000000070ea00000|100%| E|CS|TAMS 0x000000070e800000, 0x000000070e800000| Complete 
| 109|0x000000070ea00000, 0x000000070ec00000, 0x000000070ec00000|100%| E|CS|TAMS 0x000000070ea00000, 0x000000070ea00000| Complete 
| 110|0x000000070ec00000, 0x000000070ee00000, 0x000000070ee00000|100%| E|CS|TAMS 0x000000070ec00000, 0x000000070ec00000| Complete 
| 111|0x000000070ee00000, 0x000000070f000000, 0x000000070f000000|100%| E|CS|TAMS 0x000000070ee00000, 0x000000070ee00000| Complete 
| 112|0x000000070f000000, 0x000000070f200000, 0x000000070f200000|100%| E|CS|TAMS 0x000000070f000000, 0x000000070f000000| Complete 
| 113|0x000000070f200000, 0x000000070f400000, 0x000000070f400000|100%| E|CS|TAMS 0x000000070f200000, 0x000000070f200000| Complete 
| 114|0x000000070f400000, 0x000000070f600000, 0x000000070f600000|100%| E|CS|TAMS 0x000000070f400000, 0x000000070f400000| Complete 
| 115|0x000000070f600000, 0x000000070f800000, 0x000000070f800000|100%| E|CS|TAMS 0x000000070f600000, 0x000000070f600000| Complete 
| 116|0x000000070f800000, 0x000000070fa00000, 0x000000070fa00000|100%| E|CS|TAMS 0x000000070f800000, 0x000000070f800000| Complete 
| 117|0x000000070fa00000, 0x000000070fc00000, 0x000000070fc00000|100%| E|CS|TAMS 0x000000070fa00000, 0x000000070fa00000| Complete 
| 118|0x000000070fc00000, 0x000000070fe00000, 0x000000070fe00000|100%| E|CS|TAMS 0x000000070fc00000, 0x000000070fc00000| Complete 
| 119|0x000000070fe00000, 0x0000000710000000, 0x0000000710000000|100%| E|CS|TAMS 0x000000070fe00000, 0x000000070fe00000| Complete 
| 120|0x0000000710000000, 0x0000000710200000, 0x0000000710200000|100%| E|CS|TAMS 0x0000000710000000, 0x0000000710000000| Complete 
| 121|0x0000000710200000, 0x0000000710400000, 0x0000000710400000|100%| E|CS|TAMS 0x0000000710200000, 0x0000000710200000| Complete 
| 122|0x0000000710400000, 0x0000000710600000, 0x0000000710600000|100%| E|CS|TAMS 0x0000000710400000, 0x0000000710400000| Complete 
| 123|0x0000000710600000, 0x0000000710800000, 0x0000000710800000|100%| E|CS|TAMS 0x0000000710600000, 0x0000000710600000| Complete 
| 124|0x0000000710800000, 0x0000000710a00000, 0x0000000710a00000|100%| E|CS|TAMS 0x0000000710800000, 0x0000000710800000| Complete 
| 125|0x0000000710a00000, 0x0000000710c00000, 0x0000000710c00000|100%| E|CS|TAMS 0x0000000710a00000, 0x0000000710a00000| Complete 
| 126|0x0000000710c00000, 0x0000000710e00000, 0x0000000710e00000|100%| E|CS|TAMS 0x0000000710c00000, 0x0000000710c00000| Complete 
| 127|0x0000000710e00000, 0x0000000711000000, 0x0000000711000000|100%| E|CS|TAMS 0x0000000710e00000, 0x0000000710e00000| Complete 

Card table byte_map: [0x0000027bb1ed0000,0x0000027bb26d0000] _byte_map_base: 0x0000027bae6c8000

Marking Bits (Prev, Next): (CMBitMap*) 0x0000027b989d1470, (CMBitMap*) 0x0000027b989d14b0
 Prev Bits: [0x0000027bb2ed0000, 0x0000027bb6e90000)
 Next Bits: [0x0000027bb6e90000, 0x0000027bbae50000)

Polling page: 0x0000027ba1a10000

Metaspace:

Usage:
  Non-class:      2.55 MB used.
      Class:    251.83 KB used.
       Both:      2.79 MB used.

Virtual space:
  Non-class space:       64.00 MB reserved,       2.62 MB (  4%) committed,  1 nodes.
      Class space:        1.00 GB reserved,     384.00 KB ( <1%) committed,  1 nodes.
             Both:        1.06 GB reserved,       3.00 MB ( <1%) committed. 

Chunk freelists:
   Non-Class:  3.08 MB
       Class:  3.62 MB
        Both:  6.70 MB

MaxMetaspaceSize: unlimited
CompressedClassSpaceSize: 1.00 GB
Initial GC threshold: 21.00 MB
Current GC threshold: 21.00 MB
CDS: on
MetaspaceReclaimPolicy: balanced
 - commit_granule_bytes: 65536.
 - commit_granule_words: 8192.
 - virtual_space_node_default_size: 8388608.
 - enlarge_chunks_in_place: 1.
 - new_chunks_are_fully_committed: 0.
 - uncommit_free_chunks: 1.
 - use_allocation_guard: 0.


Internal statistics:

num_allocs_failed_limit: 0.
num_arena_births: 42.
num_arena_deaths: 0.
num_vsnodes_births: 2.
num_vsnodes_deaths: 0.
num_space_committed: 48.
num_space_uncommitted: 0.
num_chunks_returned_to_freelist: 0.
num_chunks_taken_from_freelist: 94.
num_chunk_merges: 0.
num_chunk_splits: 62.
num_chunks_enlarged: 47.
num_inconsistent_stats: 0.

CodeHeap 'non-profiled nmethods': size=120000Kb used=961Kb max_used=961Kb free=119038Kb
 bounds [0x0000027ba9500000, 0x0000027ba9770000, 0x0000027bb0a30000]
CodeHeap 'profiled nmethods': size=120000Kb used=1932Kb max_used=1932Kb free=118067Kb
 bounds [0x0000027ba1fd0000, 0x0000027ba2240000, 0x0000027ba9500000]
CodeHeap 'non-nmethods': size=5760Kb used=1182Kb max_used=1226Kb free=4577Kb
 bounds [0x0000027ba1a30000, 0x0000027ba1ca0000, 0x0000027ba1fd0000]
 total_blobs=1473 nmethods=1003 adapters=383
 compilation: enabled
              stopped_count=0, restarted_count=0
 full_count=0

Compilation events (20 events):
Event: 39.474 Thread 0x0000027bbd6f5180 nmethod 994 0x0000027ba21adc10 code [0x0000027ba21adf60, 0x0000027ba21afa18]
Event: 39.774 Thread 0x0000027bbd6f2b80  995       4       Level.Cells.CloseOcean::tickCell (109 bytes)
Event: 39.826 Thread 0x0000027bbd6f2b80 nmethod 995 0x0000027ba95e1110 code [0x0000027ba95e1940, 0x0000027ba95e52a0]
Event: 41.342 Thread 0x0000027bbd6f2b80  996   !   4       org.bytedeco.javacpp.Pointer::deallocator (568 bytes)
Event: 41.353 Thread 0x0000027bbd6f2b80 nmethod 996 0x0000027ba95e7a90 code [0x0000027ba95e7ce0, 0x0000027ba95e8a20]
Event: 41.353 Thread 0x0000027bbd6f2b80  997   !   4       org.bytedeco.javacpp.Pointer$DeallocatorReference::add (82 bytes)
Event: 41.355 Thread 0x0000027bbd6f2b80 nmethod 997 0x0000027ba95e9190 code [0x0000027ba95e9320, 0x0000027ba95e9898]
Event: 47.911 Thread 0x0000027bbd6f5180  998       3       Level.Cells.DirtGrassFire::tickFrame (40 bytes)
Event: 47.911 Thread 0x0000027bbd6f5180 nmethod 998 0x0000027ba21aff10 code [0x0000027ba21b00c0, 0x0000027ba21b0308]
Event: 47.911 Thread 0x0000027bbd6f5180  999       3       Level.Life.OakSaplingFire::tickFrame (40 bytes)
Event: 47.911 Thread 0x0000027bbd6f5180 nmethod 999 0x0000027ba21b0410 code [0x0000027ba21b05c0, 0x0000027ba21b0808]
Event: 47.911 Thread 0x0000027bbd6f5180 1000       3       Level.Life.YoungOakTreeFire::tickFrame (40 bytes)
Event: 47.911 Thread 0x0000027bbd6f5180 nmethod 1000 0x0000027ba21b0910 code [0x0000027ba21b0ac0, 0x0000027ba21b0d08]
Event: 49.078 Thread 0x0000027bbd6f5180 1001       3       Level.Cells.CloseOcean::tickCell (109 bytes)
Event: 49.079 Thread 0x0000027bbd6f5180 nmethod 1001 0x0000027ba21b0e10 code [0x0000027ba21b1160, 0x0000027ba21b2c18]
Event: 49.328 Thread 0x0000027bbd6f2b80 1002       4       Level.Cells.CloseOcean::tickCell (109 bytes)
Event: 49.379 Thread 0x0000027bbd6f2b80 nmethod 1002 0x0000027ba95e9990 code [0x0000027ba95ea1c0, 0x0000027ba95edae0]
Event: 51.214 Thread 0x0000027bbd6f2b80 1003       4       java.lang.Math::round (56 bytes)
Event: 51.214 Thread 0x0000027bbd6f2b80 nmethod 1003 0x0000027ba95f0290 code [0x0000027ba95f0400, 0x0000027ba95f04d8]
Event: 58.630 Thread 0x0000027bbd6f2b80 1004 %     4       Level.Terrain::generate @ 183 (510 bytes)

GC Heap History (5 events):
Event: 0.873 GC heap before
{Heap before GC invocations=0 (full 0):
 garbage-first heap   total 262144K, used 22528K [0x0000000701000000, 0x0000000800000000)
  region size 2048K, 11 young (22528K), 0 survivors (0K)
 Metaspace       used 2455K, committed 2624K, reserved 1114112K
  class space    used 226K, committed 320K, reserved 1048576K
}
Event: 0.875 GC heap after
{Heap after GC invocations=1 (full 0):
 garbage-first heap   total 262144K, used 2741K [0x0000000701000000, 0x0000000800000000)
  region size 2048K, 2 young (4096K), 2 survivors (4096K)
 Metaspace       used 2455K, committed 2624K, reserved 1114112K
  class space    used 226K, committed 320K, reserved 1048576K
}
Event: 0.959 GC heap before
{Heap before GC invocations=1 (full 0):
 garbage-first heap   total 262144K, used 39605K [0x0000000701000000, 0x0000000800000000)
  region size 2048K, 20 young (40960K), 2 survivors (4096K)
 Metaspace       used 2457K, committed 2624K, reserved 1114112K
  class space    used 226K, committed 320K, reserved 1048576K
}
Event: 0.961 GC heap after
{Heap after GC invocations=2 (full 0):
 garbage-first heap   total 262144K, used 2847K [0x0000000701000000, 0x0000000800000000)
  region size 2048K, 2 young (4096K), 2 survivors (4096K)
 Metaspace       used 2457K, committed 2624K, reserved 1114112K
  class space    used 226K, committed 320K, reserved 1048576K
}
Event: 58.630 GC heap before
{Heap before GC invocations=2 (full 0):
 garbage-first heap   total 262144K, used 154399K [0x0000000701000000, 0x0000000800000000)
  region size 2048K, 76 young (155648K), 2 survivors (4096K)
 Metaspace       used 2860K, committed 3072K, reserved 1114112K
  class space    used 251K, committed 384K, reserved 1048576K
}

Deoptimization events (20 events):
Event: 14.510 Thread 0x0000027b9895e100 Uncommon trap: trap_request=0xffffffbe fr.pc=0x0000027ba959d8c8 relative=0x0000000000003a88
Event: 14.510 Thread 0x0000027b9895e100 Uncommon trap: reason=profile_predicate action=maybe_recompile pc=0x0000027ba959d8c8 method=Level.HeightMap.generate(IIII)[[I @ 442 c2
Event: 14.510 Thread 0x0000027b9895e100 DEOPT PACKING pc=0x0000027ba959d8c8 sp=0x000000a9d53ff110
Event: 14.510 Thread 0x0000027b9895e100 DEOPT UNPACKING pc=0x0000027ba1a823a3 sp=0x000000a9d53ff0f0 mode 2
Event: 16.980 Thread 0x0000027b9895e100 Uncommon trap: trap_request=0xffffffbe fr.pc=0x0000027ba959d8c8 relative=0x0000000000003a88
Event: 16.980 Thread 0x0000027b9895e100 Uncommon trap: reason=profile_predicate action=maybe_recompile pc=0x0000027ba959d8c8 method=Level.HeightMap.generate(IIII)[[I @ 442 c2
Event: 16.980 Thread 0x0000027b9895e100 DEOPT PACKING pc=0x0000027ba959d8c8 sp=0x000000a9d53ff110
Event: 16.980 Thread 0x0000027b9895e100 DEOPT UNPACKING pc=0x0000027ba1a823a3 sp=0x000000a9d53ff0f0 mode 2
Event: 37.423 Thread 0x0000027b9895e100 Uncommon trap: trap_request=0xffffff45 fr.pc=0x0000027ba95b62f0 relative=0x0000000000001e30
Event: 37.423 Thread 0x0000027b9895e100 Uncommon trap: reason=unstable_if action=reinterpret pc=0x0000027ba95b62f0 method=Level.Cells.CloseOcean.tickCell(II)V @ 71 c2
Event: 37.423 Thread 0x0000027b9895e100 DEOPT PACKING pc=0x0000027ba95b62f0 sp=0x000000a9d53ff320
Event: 37.423 Thread 0x0000027b9895e100 DEOPT UNPACKING pc=0x0000027ba1a823a3 sp=0x000000a9d53ff2d0 mode 2
Event: 39.473 Thread 0x0000027b9895e100 Uncommon trap: trap_request=0xffffff45 fr.pc=0x0000027ba95dce70 relative=0x0000000000001eb0
Event: 39.473 Thread 0x0000027b9895e100 Uncommon trap: reason=unstable_if action=reinterpret pc=0x0000027ba95dce70 method=Level.Cells.CloseOcean.tickCell(II)V @ 98 c2
Event: 39.473 Thread 0x0000027b9895e100 DEOPT PACKING pc=0x0000027ba95dce70 sp=0x000000a9d53ff320
Event: 39.473 Thread 0x0000027b9895e100 DEOPT UNPACKING pc=0x0000027ba1a823a3 sp=0x000000a9d53ff2d0 mode 2
Event: 49.028 Thread 0x0000027b9895e100 Uncommon trap: trap_request=0xffffff45 fr.pc=0x0000027ba95e37cc relative=0x0000000000001e8c
Event: 49.028 Thread 0x0000027b9895e100 Uncommon trap: reason=unstable_if action=reinterpret pc=0x0000027ba95e37cc method=Level.Cells.CloseOcean.tickCell(II)V @ 17 c2
Event: 49.028 Thread 0x0000027b9895e100 DEOPT PACKING pc=0x0000027ba95e37cc sp=0x000000a9d53ff320
Event: 49.028 Thread 0x0000027b9895e100 DEOPT UNPACKING pc=0x0000027ba1a823a3 sp=0x000000a9d53ff2d0 mode 2

Classes loaded (20 events):
Event: 1.071 Loading class sun/util/locale/provider/BaseLocaleDataMetaInfo
Event: 1.071 Loading class sun/util/locale/provider/BaseLocaleDataMetaInfo done
Event: 1.073 Loading class sun/util/resources/cldr/TimeZoneNames
Event: 1.073 Loading class sun/util/resources/TimeZoneNamesBundle
Event: 1.073 Loading class sun/util/resources/OpenListResourceBundle
Event: 1.073 Loading class sun/util/resources/OpenListResourceBundle done
Event: 1.073 Loading class sun/util/resources/TimeZoneNamesBundle done
Event: 1.073 Loading class sun/util/resources/cldr/TimeZoneNames done
Event: 1.073 Loading class sun/util/resources/cldr/TimeZoneNames_en
Event: 1.074 Loading class sun/util/resources/cldr/TimeZoneNames_en done
Event: 1.074 Loading class sun/util/resources/cldr/TimeZoneNames_en_US
Event: 1.074 Loading class sun/util/resources/cldr/TimeZoneNames_en_US done
Event: 1.075 Loading class java/util/LinkedHashMap$LinkedKeySet
Event: 1.075 Loading class java/util/LinkedHashMap$LinkedKeySet done
Event: 1.075 Loading class sun/util/cldr/CLDRBaseLocaleDataMetaInfo$TZCanonicalIDMapHolder
Event: 1.076 Loading class sun/util/cldr/CLDRBaseLocaleDataMetaInfo$TZCanonicalIDMapHolder done
Event: 1.077 Loading class sun/util/resources/TimeZoneNames
Event: 1.077 Loading class sun/util/resources/TimeZoneNames done
Event: 1.077 Loading class sun/util/resources/TimeZoneNames_en
Event: 1.077 Loading class sun/util/resources/TimeZoneNames_en done

Classes unloaded (0 events):
No events

Classes redefined (0 events):
No events

Internal exceptions (10 events):
Event: 0.085 Thread 0x0000027b9895e100 Exception <a 'java/lang/NoSuchMethodError'{0x0000000710c23e78}: 'void java.lang.invoke.DirectMethodHandle$Holder.invokeStatic(java.lang.Object, java.lang.Object, java.lang.Object)'> (0x0000000710c23e78) 
thrown [t:\workspace\open\src\hotspot\share\interpreter\linkResolver.cpp, line 766]
Event: 0.089 Thread 0x0000027b9895e100 Exception <a 'java/lang/NoSuchMethodError'{0x0000000710c3cb90}: 'java.lang.Object java.lang.invoke.Invokers$Holder.invokeExact_MT(java.lang.Object, java.lang.Object, java.lang.Object, java.lang.Object, java.lang.Object)'> (0x0000000710c3cb90) 
thrown [t:\workspace\open\src\hotspot\share\interpreter\linkResolver.cpp, line 766]
Event: 0.100 Thread 0x0000027bc1e8e6c0 Exception <a 'java/lang/NoSuchMethodError'{0x0000000710c77db8}: 'void java.lang.invoke.DirectMethodHandle$Holder.invokeStatic(java.lang.Object, java.lang.Object)'> (0x0000000710c77db8) 
thrown [t:\workspace\open\src\hotspot\share\interpreter\linkResolver.cpp, line 766]
Event: 0.109 Thread 0x0000027b9895e100 Exception <a 'java/lang/NoSuchMethodError'{0x0000000710d52040}: 'int java.lang.invoke.DirectMethodHandle$Holder.invokeStaticInit(java.lang.Object, java.lang.Object, java.lang.Object, java.lang.Object)'> (0x0000000710d52040) 
thrown [t:\workspace\open\src\hotspot\share\interpreter\linkResolver.cpp, line 766]
Event: 0.110 Thread 0x0000027b9895e100 Exception <a 'java/lang/NoSuchMethodError'{0x0000000710d5be38}: 'java.lang.Object java.lang.invoke.DirectMethodHandle$Holder.invokeInterface(java.lang.Object, java.lang.Object)'> (0x0000000710d5be38) 
thrown [t:\workspace\open\src\hotspot\share\interpreter\linkResolver.cpp, line 766]
Event: 0.110 Thread 0x0000027b9895e100 Exception <a 'java/lang/IncompatibleClassChangeError'{0x0000000710d5f380}: Found class java.lang.Object, but interface was expected> (0x0000000710d5f380) 
thrown [t:\workspace\open\src\hotspot\share\interpreter\linkResolver.cpp, line 833]
Event: 0.111 Thread 0x0000027b9895e100 Exception <a 'java/lang/NoSuchMethodError'{0x0000000710d62588}: 'void java.lang.invoke.DirectMethodHandle$Holder.invokeStaticInit(java.lang.Object, java.lang.Object)'> (0x0000000710d62588) 
thrown [t:\workspace\open\src\hotspot\share\interpreter\linkResolver.cpp, line 766]
Event: 0.111 Thread 0x0000027b9895e100 Exception <a 'java/lang/NoSuchMethodError'{0x0000000710d68688}: 'int java.lang.invoke.DirectMethodHandle$Holder.invokeStaticInit(java.lang.Object, java.lang.Object)'> (0x0000000710d68688) 
thrown [t:\workspace\open\src\hotspot\share\interpreter\linkResolver.cpp, line 766]
Event: 0.495 Thread 0x0000027b9895e100 Exception <a 'java/lang/NoSuchMethodError'{0x00000007101d9510}: 'java.lang.Object java.lang.invoke.DirectMethodHandle$Holder.invokeStatic(java.lang.Object, int, java.lang.Object)'> (0x00000007101d9510) 
thrown [t:\workspace\open\src\hotspot\share\interpreter\linkResolver.cpp, line 766]
Event: 1.079 Thread 0x0000027bbd6e1970 Exception <a 'java/lang/NoSuchMethodError'{0x0000000710739a18}: 'java.lang.Object java.lang.invoke.Invokers$Holder.invokeExact_MT(java.lang.Object, java.lang.Object, java.lang.Object, java.lang.Object, java.lang.Object, java.lang.Object)'> (0x0000000710739a18) 
thrown [t:\workspace\open\src\hotspot\share\interpreter\linkResolver.cpp, line 766]

VM Operations (20 events):
Event: 0.057 Executing VM operation: HandshakeAllThreads done
Event: 0.095 Executing VM operation: HandshakeAllThreads
Event: 0.095 Executing VM operation: HandshakeAllThreads done
Event: 0.143 Executing VM operation: HandshakeAllThreads
Event: 0.143 Executing VM operation: HandshakeAllThreads done
Event: 0.873 Executing VM operation: G1CollectForAllocation
Event: 0.876 Executing VM operation: G1CollectForAllocation done
Event: 0.959 Executing VM operation: G1CollectForAllocation
Event: 0.961 Executing VM operation: G1CollectForAllocation done
Event: 1.067 Executing VM operation: HandshakeAllThreads
Event: 1.067 Executing VM operation: HandshakeAllThreads done
Event: 2.067 Executing VM operation: Cleanup
Event: 2.067 Executing VM operation: Cleanup done
Event: 19.074 Executing VM operation: Cleanup
Event: 19.074 Executing VM operation: Cleanup done
Event: 21.074 Executing VM operation: Cleanup
Event: 21.074 Executing VM operation: Cleanup done
Event: 24.076 Executing VM operation: Cleanup
Event: 24.076 Executing VM operation: Cleanup done
Event: 58.630 Executing VM operation: G1CollectForAllocation

Events (20 events):
Event: 0.395 Loaded shared library C:\Program Files (x86)\Windows Kits\10\Redist\ucrt\DLLs\x64\api-ms-win-core-util-l1-1-0.dll
Event: 0.404 Loaded shared library C:\Program Files (x86)\Windows Kits\10\Redist\ucrt\DLLs\x64\api-ms-win-core-interlocked-l1-1-0.dll
Event: 0.412 Loaded shared library C:\Program Files (x86)\Windows Kits\10\Redist\ucrt\DLLs\x64\ucrtbase.dll
Event: 0.418 Loaded shared library C:\Program Files\Java\jdk-18\bin\vcruntime140.dll
Event: 0.425 Loaded shared library C:\Program Files\Java\jdk-18\bin\vcruntime140_1.dll
Event: 0.431 Loaded shared library C:\Program Files\Java\jdk-18\bin\msvcp140.dll
Event: 0.439 Loaded shared library C:\Windows\System32\msvcp140_1.dll
Event: 0.447 Loaded shared library C:\Windows\System32\concrt140.dll
Event: 0.455 Loaded shared library C:\Windows\System32\vcomp140.dll
Event: 0.468 Loaded shared library C:\Windows\System32\winmm.dll
Event: 0.471 Loaded shared library C:\Windows\System32\opengl32.dll
Event: 0.472 Loaded shared library C:\Windows\System32\user32.dll
Event: 0.473 Loaded shared library C:\Windows\System32\shell32.dll
Event: 0.475 Loaded shared library C:\Windows\System32\gdi32.dll
Event: 0.498 Loaded shared library C:\Users\louis\.javacpp\cache\jaylib-4.2.0-1.jar\com\raylib\windows-x86_64\jniRaylib.dll
Event: 0.513 Thread 0x0000027bc35a03e0 Thread added: 0x0000027bc35a03e0
Event: 0.823 Thread 0x0000027bc2b30740 Thread exited: 0x0000027bc2b30740
Event: 0.823 Thread 0x0000027bc1ff3aa0 Thread exited: 0x0000027bc1ff3aa0
Event: 0.972 Thread 0x0000027bc42f33b0 Thread added: 0x0000027bc42f33b0
Event: 1.426 Thread 0x0000027bc42f33b0 Thread exited: 0x0000027bc42f33b0


Dynamic libraries:
0x00007ff7a3c90000 - 0x00007ff7a3ca0000 	C:\Program Files\Java\jdk-18\bin\java.exe
0x00007ffd8d450000 - 0x00007ffd8d648000 	C:\Windows\SYSTEM32\ntdll.dll
0x00007ffd8b490000 - 0x00007ffd8b54f000 	C:\Windows\System32\KERNEL32.DLL
0x00007ffd8add0000 - 0x00007ffd8b0a2000 	C:\Windows\System32\KERNELBASE.dll
0x00007ffd87550000 - 0x00007ffd875e0000 	C:\Windows\SYSTEM32\apphelp.dll
0x00007ffd1c650000 - 0x00007ffd1cae4000 	C:\Windows\SYSTEM32\AcLayers.DLL
0x00007ffd8be70000 - 0x00007ffd8bf0e000 	C:\Windows\System32\msvcrt.dll
0x00007ffd8cbf0000 - 0x00007ffd8cd91000 	C:\Windows\System32\USER32.dll
0x00007ffd8b300000 - 0x00007ffd8b322000 	C:\Windows\System32\win32u.dll
0x00007ffd8c530000 - 0x00007ffd8c55b000 	C:\Windows\System32\GDI32.dll
0x00007ffd8ab90000 - 0x00007ffd8ac9f000 	C:\Windows\System32\gdi32full.dll
0x00007ffd8b0b0000 - 0x00007ffd8b14d000 	C:\Windows\System32\msvcp_win.dll
0x00007ffd8aca0000 - 0x00007ffd8ada0000 	C:\Windows\System32\ucrtbase.dll
0x00007ffd8d0c0000 - 0x00007ffd8d115000 	C:\Windows\System32\SHLWAPI.dll
0x00007ffd8ce50000 - 0x00007ffd8cefe000 	C:\Windows\System32\ADVAPI32.dll
0x00007ffd8cf30000 - 0x00007ffd8cfcc000 	C:\Windows\System32\sechost.dll
0x00007ffd8d2e0000 - 0x00007ffd8d405000 	C:\Windows\System32\RPCRT4.dll
0x0000027b98610000 - 0x0000027b98613000 	C:\Windows\SYSTEM32\sfc.dll
0x00007ffd6e680000 - 0x00007ffd6e718000 	C:\Windows\SYSTEM32\WINSPOOL.DRV
0x00007ffd6e150000 - 0x00007ffd6e162000 	C:\Windows\SYSTEM32\sfc_os.DLL
0x00007ffd8b550000 - 0x00007ffd8b582000 	C:\Windows\System32\IMM32.DLL
0x00007ffd7ba60000 - 0x00007ffd7ba78000 	C:\Program Files\Java\jdk-18\bin\jli.dll
0x00007ffd7ba40000 - 0x00007ffd7ba5a000 	C:\Program Files\Java\jdk-18\bin\VCRUNTIME140.dll
0x00007ffd89910000 - 0x00007ffd89baa000 	C:\Windows\WinSxS\amd64_microsoft.windows.common-controls_6595b64144ccf1df_6.0.19041.1110_none_60b5254171f9507e\COMCTL32.dll
0x00007ffd876e0000 - 0x00007ffd876ea000 	C:\Windows\SYSTEM32\VERSION.dll
0x00007ffd84cd0000 - 0x00007ffd84cdc000 	C:\Program Files\Java\jdk-18\bin\vcruntime140_1.dll
0x00007ffd6e450000 - 0x00007ffd6e4dd000 	C:\Program Files\Java\jdk-18\bin\msvcp140.dll
0x00007ffd1a540000 - 0x00007ffd1b151000 	C:\Program Files\Java\jdk-18\bin\server\jvm.dll
0x00007ffd8cf00000 - 0x00007ffd8cf08000 	C:\Windows\System32\PSAPI.DLL
0x00007ffd85740000 - 0x00007ffd85749000 	C:\Windows\SYSTEM32\WSOCK32.dll
0x00007ffd7cfb0000 - 0x00007ffd7cfd7000 	C:\Windows\SYSTEM32\WINMM.dll
0x00007ffd8c4c0000 - 0x00007ffd8c52b000 	C:\Windows\System32\WS2_32.dll
0x00007ffd87cb0000 - 0x00007ffd87cc2000 	C:\Windows\SYSTEM32\kernel.appcore.dll
0x00007ffd7ba30000 - 0x00007ffd7ba3a000 	C:\Program Files\Java\jdk-18\bin\jimage.dll
0x00007ffd8a570000 - 0x00007ffd8a754000 	C:\Windows\SYSTEM32\DBGHELP.DLL
0x00007ffd89e30000 - 0x00007ffd89e65000 	C:\Windows\SYSTEM32\dbgcore.DLL
0x00007ffd8b1c0000 - 0x00007ffd8b242000 	C:\Windows\System32\bcryptPrimitives.dll
0x00007ffd7b9f0000 - 0x00007ffd7b9fe000 	C:\Program Files\Java\jdk-18\bin\instrument.dll
0x00007ffd7ba00000 - 0x00007ffd7ba25000 	C:\Program Files\Java\jdk-18\bin\java.dll
0x00007ffd6e370000 - 0x00007ffd6e446000 	C:\Program Files\Java\jdk-18\bin\jsvml.dll
0x00007ffd8b720000 - 0x00007ffd8be65000 	C:\Windows\System32\SHELL32.dll
0x00007ffd885b0000 - 0x00007ffd88d42000 	C:\Windows\SYSTEM32\windows.storage.dll
0x00007ffd8c640000 - 0x00007ffd8c995000 	C:\Windows\System32\combase.dll
0x00007ffd8a1a0000 - 0x00007ffd8a1d0000 	C:\Windows\SYSTEM32\Wldp.dll
0x00007ffd8cb40000 - 0x00007ffd8cbed000 	C:\Windows\System32\SHCORE.dll
0x00007ffd8aa80000 - 0x00007ffd8aa9f000 	C:\Windows\SYSTEM32\profapi.dll
0x00007ffd75730000 - 0x00007ffd75748000 	C:\Program Files\Java\jdk-18\bin\zip.dll
0x00007ffd7b5c0000 - 0x00007ffd7b5d3000 	C:\Program Files\Java\jdk-18\bin\net.dll
0x00007ffd829d0000 - 0x00007ffd82adc000 	C:\Windows\SYSTEM32\WINHTTP.dll
0x00007ffd89f20000 - 0x00007ffd89f8a000 	C:\Windows\system32\mswsock.dll
0x00007ffd78210000 - 0x00007ffd78226000 	C:\Program Files\Java\jdk-18\bin\nio.dll
0x00007ffd6e1b0000 - 0x00007ffd6e1ca000 	C:\Program Files\JetBrains\IntelliJ IDEA Community Edition 2021.3.3\bin\breakgen64.dll
0x0000027bbdba0000 - 0x0000027bbdba3000 	C:\Program Files (x86)\Windows Kits\10\Redist\ucrt\DLLs\x64\api-ms-win-crt-locale-l1-1-0.dll
0x0000027bbdbb0000 - 0x0000027bbdbb4000 	C:\Program Files (x86)\Windows Kits\10\Redist\ucrt\DLLs\x64\api-ms-win-crt-string-l1-1-0.dll
0x0000027bbdbc0000 - 0x0000027bbdbc4000 	C:\Program Files (x86)\Windows Kits\10\Redist\ucrt\DLLs\x64\api-ms-win-crt-stdio-l1-1-0.dll
0x0000027bbdbd0000 - 0x0000027bbdbd5000 	C:\Program Files (x86)\Windows Kits\10\Redist\ucrt\DLLs\x64\api-ms-win-crt-math-l1-1-0.dll
0x0000027bbdbe0000 - 0x0000027bbdbe3000 	C:\Program Files (x86)\Windows Kits\10\Redist\ucrt\DLLs\x64\api-ms-win-crt-heap-l1-1-0.dll
0x0000027bbdbf0000 - 0x0000027bbdbf4000 	C:\Program Files (x86)\Windows Kits\10\Redist\ucrt\DLLs\x64\api-ms-win-crt-runtime-l1-1-0.dll
0x0000027bc2100000 - 0x0000027bc2104000 	C:\Program Files (x86)\Windows Kits\10\Redist\ucrt\DLLs\x64\api-ms-win-crt-convert-l1-1-0.dll
0x0000027bc2110000 - 0x0000027bc2113000 	C:\Program Files (x86)\Windows Kits\10\Redist\ucrt\DLLs\x64\api-ms-win-crt-environment-l1-1-0.dll
0x0000027bc2120000 - 0x0000027bc2123000 	C:\Program Files (x86)\Windows Kits\10\Redist\ucrt\DLLs\x64\api-ms-win-crt-time-l1-1-0.dll
0x0000027bc2930000 - 0x0000027bc2933000 	C:\Program Files (x86)\Windows Kits\10\Redist\ucrt\DLLs\x64\api-ms-win-crt-filesystem-l1-1-0.dll
0x0000027bc2940000 - 0x0000027bc2943000 	C:\Program Files (x86)\Windows Kits\10\Redist\ucrt\DLLs\x64\api-ms-win-crt-utility-l1-1-0.dll
0x0000027bc2950000 - 0x0000027bc2955000 	C:\Program Files (x86)\Windows Kits\10\Redist\ucrt\DLLs\x64\api-ms-win-crt-multibyte-l1-1-0.dll
0x0000027bc2960000 - 0x0000027bc2963000 	C:\Program Files (x86)\Windows Kits\10\Redist\ucrt\DLLs\x64\api-ms-win-crt-conio-l1-1-0.dll
0x0000027bc2970000 - 0x0000027bc297f000 	C:\Program Files (x86)\Windows Kits\10\Redist\ucrt\DLLs\x64\api-ms-win-crt-private-l1-1-0.dll
0x0000027bc2980000 - 0x0000027bc2983000 	C:\Program Files (x86)\Windows Kits\10\Redist\ucrt\DLLs\x64\api-ms-win-crt-process-l1-1-0.dll
0x0000027bc2990000 - 0x0000027bc2993000 	C:\Program Files\Java\jdk-18\bin\api-ms-win-core-console-l1-2-0.dll
0x0000027bc29a0000 - 0x0000027bc29a3000 	C:\Program Files (x86)\Windows Kits\10\Redist\ucrt\DLLs\x64\api-ms-win-core-string-l1-1-0.dll
0x0000027bc29b0000 - 0x0000027bc29b3000 	C:\Program Files (x86)\Windows Kits\10\Redist\ucrt\DLLs\x64\api-ms-win-core-errorhandling-l1-1-0.dll
0x0000027bc29c0000 - 0x0000027bc29c3000 	C:\Program Files (x86)\Windows Kits\10\Redist\ucrt\DLLs\x64\api-ms-win-core-timezone-l1-1-0.dll
0x0000027bc29d0000 - 0x0000027bc29d4000 	C:\Program Files (x86)\Windows Kits\10\Redist\ucrt\DLLs\x64\api-ms-win-core-file-l1-1-0.dll
0x0000027bc29e0000 - 0x0000027bc29e3000 	C:\Program Files (x86)\Windows Kits\10\Redist\ucrt\DLLs\x64\api-ms-win-core-namedpipe-l1-1-0.dll
0x0000027bc29f0000 - 0x0000027bc29f3000 	C:\Program Files (x86)\Windows Kits\10\Redist\ucrt\DLLs\x64\api-ms-win-core-handle-l1-1-0.dll
0x0000027bc2a00000 - 0x0000027bc2a03000 	C:\Program Files (x86)\Windows Kits\10\Redist\ucrt\DLLs\x64\api-ms-win-core-file-l2-1-0.dll
0x0000027bc2a10000 - 0x0000027bc2a13000 	C:\Program Files (x86)\Windows Kits\10\Redist\ucrt\DLLs\x64\api-ms-win-core-heap-l1-1-0.dll
0x0000027bc2a20000 - 0x0000027bc2a23000 	C:\Program Files (x86)\Windows Kits\10\Redist\ucrt\DLLs\x64\api-ms-win-core-libraryloader-l1-1-0.dll
0x0000027bc2a30000 - 0x0000027bc2a33000 	C:\Program Files (x86)\Windows Kits\10\Redist\ucrt\DLLs\x64\api-ms-win-core-synch-l1-1-0.dll
0x0000027bc2a40000 - 0x0000027bc2a43000 	C:\Program Files (x86)\Windows Kits\10\Redist\ucrt\DLLs\x64\api-ms-win-core-processthreads-l1-1-0.dll
0x0000027bc2a50000 - 0x0000027bc2a53000 	C:\Program Files (x86)\Windows Kits\10\Redist\ucrt\DLLs\x64\api-ms-win-core-processenvironment-l1-1-0.dll
0x0000027bc2a60000 - 0x0000027bc2a63000 	C:\Program Files (x86)\Windows Kits\10\Redist\ucrt\DLLs\x64\api-ms-win-core-datetime-l1-1-0.dll
0x0000027bc2a70000 - 0x0000027bc2a73000 	C:\Program Files (x86)\Windows Kits\10\Redist\ucrt\DLLs\x64\api-ms-win-core-localization-l1-2-0.dll
0x0000027bc2a80000 - 0x0000027bc2a83000 	C:\Program Files (x86)\Windows Kits\10\Redist\ucrt\DLLs\x64\api-ms-win-core-sysinfo-l1-1-0.dll
0x0000027bc2a90000 - 0x0000027bc2a93000 	C:\Program Files (x86)\Windows Kits\10\Redist\ucrt\DLLs\x64\api-ms-win-core-synch-l1-2-0.dll
0x0000027bc2aa0000 - 0x0000027bc2aa3000 	C:\Program Files (x86)\Windows Kits\10\Redist\ucrt\DLLs\x64\api-ms-win-core-console-l1-1-0.dll
0x0000027bc2ab0000 - 0x0000027bc2ab3000 	C:\Program Files (x86)\Windows Kits\10\Redist\ucrt\DLLs\x64\api-ms-win-core-debug-l1-1-0.dll
0x0000027bc2ac0000 - 0x0000027bc2ac3000 	C:\Program Files (x86)\Windows Kits\10\Redist\ucrt\DLLs\x64\api-ms-win-core-rtlsupport-l1-1-0.dll
0x0000027bc2ad0000 - 0x0000027bc2ad3000 	C:\Program Files (x86)\Windows Kits\10\Redist\ucrt\DLLs\x64\api-ms-win-core-processthreads-l1-1-1.dll
0x0000027bc2ae0000 - 0x0000027bc2ae3000 	C:\Program Files (x86)\Windows Kits\10\Redist\ucrt\DLLs\x64\api-ms-win-core-file-l1-2-0.dll
0x0000027bc3ac0000 - 0x0000027bc3ac3000 	C:\Program Files (x86)\Windows Kits\10\Redist\ucrt\DLLs\x64\api-ms-win-core-profile-l1-1-0.dll
0x0000027bc3ad0000 - 0x0000027bc3ad3000 	C:\Program Files (x86)\Windows Kits\10\Redist\ucrt\DLLs\x64\api-ms-win-core-memory-l1-1-0.dll
0x0000027bc3ae0000 - 0x0000027bc3ae3000 	C:\Program Files (x86)\Windows Kits\10\Redist\ucrt\DLLs\x64\api-ms-win-core-util-l1-1-0.dll
0x0000027bc3af0000 - 0x0000027bc3af3000 	C:\Program Files (x86)\Windows Kits\10\Redist\ucrt\DLLs\x64\api-ms-win-core-interlocked-l1-1-0.dll
0x00007ffd68f20000 - 0x00007ffd69012000 	C:\Program Files (x86)\Windows Kits\10\Redist\ucrt\DLLs\x64\ucrtbase.dll
0x00007ffd6e560000 - 0x00007ffd6e569000 	C:\Windows\System32\msvcp140_1.dll
0x00007ffd6b320000 - 0x00007ffd6b36e000 	C:\Windows\System32\concrt140.dll
0x00007ffd6d690000 - 0x00007ffd6d6c1000 	C:\Windows\System32\vcomp140.dll
0x00007ffd75750000 - 0x00007ffd75875000 	C:\Windows\System32\opengl32.dll
0x00007ffd78230000 - 0x00007ffd7825c000 	C:\Windows\SYSTEM32\GLU32.dll
0x00007ffd1d180000 - 0x00007ffd1d3b2000 	C:\Users\louis\.javacpp\cache\jaylib-4.2.0-1.jar\com\raylib\windows-x86_64\jniRaylib.dll
0x00007ffd87700000 - 0x00007ffd8779e000 	C:\Windows\system32\uxtheme.dll
0x00007ffd6aee0000 - 0x00007ffd6af25000 	C:\Windows\SYSTEM32\dinput8.dll
0x00007ffd69e00000 - 0x00007ffd69e11000 	C:\Windows\SYSTEM32\xinput1_4.dll
0x00007ffd8ab40000 - 0x00007ffd8ab8e000 	C:\Windows\System32\cfgmgr32.dll
0x00007ffd8a8f0000 - 0x00007ffd8a91c000 	C:\Windows\SYSTEM32\DEVOBJ.dll
0x00007ffd87910000 - 0x00007ffd8793f000 	C:\Windows\SYSTEM32\dwmapi.dll
0x00007ffd7ac40000 - 0x00007ffd7ad92000 	C:\Windows\SYSTEM32\inputhost.dll
0x00007ffd8c570000 - 0x00007ffd8c63d000 	C:\Windows\System32\OLEAUT32.dll
0x00007ffd87320000 - 0x00007ffd87412000 	C:\Windows\SYSTEM32\CoreMessaging.dll
0x00007ffd85b80000 - 0x00007ffd85cd4000 	C:\Windows\SYSTEM32\wintypes.dll
0x00007ffd858b0000 - 0x00007ffd859a6000 	C:\Windows\SYSTEM32\PROPSYS.dll
0x00007ffd86b60000 - 0x00007ffd86ebe000 	C:\Windows\SYSTEM32\CoreUIComponents.dll
0x00007ffd8a7b0000 - 0x00007ffd8a7e3000 	C:\Windows\SYSTEM32\ntmarta.dll
0x00007ffd8ca20000 - 0x00007ffd8cb35000 	C:\Windows\System32\MSCTF.dll
0x00007ffd891c0000 - 0x00007ffd891cd000 	C:\Windows\SYSTEM32\HID.DLL
0x00007ffd8bf70000 - 0x00007ffd8c3d8000 	C:\Windows\System32\SETUPAPI.DLL
0x00007ffd8ada0000 - 0x00007ffd8adc7000 	C:\Windows\System32\bcrypt.dll
0x00007ffd8b150000 - 0x00007ffd8b1b9000 	C:\Windows\System32\WINTRUST.dll
0x00007ffd8b330000 - 0x00007ffd8b486000 	C:\Windows\System32\CRYPT32.dll
0x00007ffd8a3b0000 - 0x00007ffd8a3c2000 	C:\Windows\SYSTEM32\MSASN1.dll
0x00007ffd8cda0000 - 0x00007ffd8ce49000 	C:\Windows\System32\clbcatq.dll
0x00007ffd168e0000 - 0x00007ffd1a538000 	C:\Windows\System32\DriverStore\FileRepository\nvmdi.inf_amd64_695918d45d208bd0\nvoglv64.dll
0x00007ffd8b5f0000 - 0x00007ffd8b71a000 	C:\Windows\System32\ole32.dll
0x00007ffd859b0000 - 0x00007ffd859c4000 	C:\Windows\SYSTEM32\WTSAPI32.dll
0x00007ffd84280000 - 0x00007ffd842b1000 	C:\Windows\SYSTEM32\cryptnet.dll
0x00007ffd82d60000 - 0x00007ffd82ea8000 	C:\Windows\SYSTEM32\drvstore.dll
0x00007ffd8a110000 - 0x00007ffd8a11c000 	C:\Windows\SYSTEM32\cryptbase.dll
0x00007ffd83890000 - 0x00007ffd838cb000 	C:\Windows\SYSTEM32\dxcore.dll

dbghelp: loaded successfully - version: 4.0.5 - missing functions: none
symbol engine: initialized successfully - sym options: 0x614 - pdb path: .;C:\Program Files\Java\jdk-18\bin;C:\Windows\SYSTEM32;C:\Windows\WinSxS\amd64_microsoft.windows.common-controls_6595b64144ccf1df_6.0.19041.1110_none_60b5254171f9507e;C:\Program Files\Java\jdk-18\bin\server;C:\Program Files\JetBrains\IntelliJ IDEA Community Edition 2021.3.3\bin;C:\Program Files (x86)\Windows Kits\10\Redist\ucrt\DLLs\x64;C:\Users\louis\.javacpp\cache\jaylib-4.2.0-1.jar\com\raylib\windows-x86_64;C:\Windows\System32\DriverStore\FileRepository\nvmdi.inf_amd64_695918d45d208bd0

VM Arguments:
jvm_args: -Dvisualvm.id=14747090029500 -javaagent:C:\Program Files\JetBrains\IntelliJ IDEA Community Edition 2021.3.3\lib\idea_rt.jar=59948:C:\Program Files\JetBrains\IntelliJ IDEA Community Edition 2021.3.3\bin -Dfile.encoding=UTF-8 
java_command: Main
java_class_path (initial): D:\Development\Java\WorldGen\target\classes;C:\Users\louis\.m2\repository\uk\co\electronstudio\jaylib\jaylib\4.2.0-1\jaylib-4.2.0-1.jar
Launcher Type: SUN_STANDARD

[Global flags]
     intx CICompilerCount                          = 4                                         {product} {ergonomic}
     uint ConcGCThreads                            = 3                                         {product} {ergonomic}
     uint G1ConcRefinementThreads                  = 10                                        {product} {ergonomic}
   size_t G1HeapRegionSize                         = 2097152                                   {product} {ergonomic}
    uintx GCDrainStackTargetSize                   = 64                                        {product} {ergonomic}
   size_t InitialHeapSize                          = 268435456                                 {product} {ergonomic}
   size_t MarkStackSize                            = 4194304                                   {product} {ergonomic}
   size_t MaxHeapSize                              = 4278190080                                {product} {ergonomic}
   size_t MaxNewSize                               = 2566914048                                {product} {ergonomic}
   size_t MinHeapDeltaBytes                        = 2097152                                   {product} {ergonomic}
   size_t MinHeapSize                              = 8388608                                   {product} {ergonomic}
    uintx NonNMethodCodeHeapSize                   = 5839372                                {pd product} {ergonomic}
    uintx NonProfiledCodeHeapSize                  = 122909434                              {pd product} {ergonomic}
    uintx ProfiledCodeHeapSize                     = 122909434                              {pd product} {ergonomic}
    uintx ReservedCodeCacheSize                    = 251658240                              {pd product} {ergonomic}
     bool SegmentedCodeCache                       = true                                      {product} {ergonomic}
   size_t SoftMaxHeapSize                          = 4278190080                             {manageable} {ergonomic}
     bool UseCompressedClassPointers               = true                           {product lp64_product} {ergonomic}
     bool UseCompressedOops                        = true                           {product lp64_product} {ergonomic}
     bool UseG1GC                                  = true                                      {product} {ergonomic}
     bool UseLargePagesIndividualAllocation        = false                                  {pd product} {ergonomic}

Logging:
Log output configuration:
 #0: stdout all=warning uptime,level,tags foldmultilines=false
 #1: stderr all=off uptime,level,tags foldmultilines=false

Environment Variables:
JAVA_HOME=C:\Program Files\Java\jdk-17.0.1
PATH=C:\Program Files (x86)\Common Files\Intel\Shared Libraries\redist\intel64\compiler;C:\Program Files\Java\jdk-18\bin;C:\Program Files\Java;C:\Program Files\Java\jdk-16.0.2;C:\Windows\system32;C:\Windows;C:\Windows\System32\Wbem;C:\Windows\System32\WindowsPowerShell\v1.0\;C:\Windows\System32\OpenSSH\;C:\Program Files\NVIDIA Corporation\NVIDIA NvDLISR;C:\Program Files (x86)\NVIDIA Corporation\PhysX\Common;C:\Program Files\dotnet\;C:\Program Files\Gource\cmd;C:\Program Files\Git\cmd;C:\Program Files\Java\jdk-16.0.2\bin;C:\Users\louis\AppData\Local\Microsoft\WindowsApps;C:\Users\louis\.dotnet\tools;C:\Users\louis\AppData\Local\GitHubDesktop\bin;C:\Program Files (x86)\Windows Kits\10\Windows Performance Toolkit\;C:\Program Files\WorldPainter;D:\Development\php;C:\Users\louis\.cargo\bin;C:\Users\louis\AppData\Local\Programs\Python\Python310\Scripts\;C:\Users\louis\AppData\Local\Programs\Python\Python310\;C:\Program Files\Java;C:\Program Files\Java\jdk-17.0.1;C:\Windows\system32;C:\Windows;C:\Windows\System32\Wbem;C:\Windows\System32\WindowsPowerShell\v1.0\;C:\Windows\System32\OpenSSH\;C:\Program Files\NVIDIA Corporation\NVIDIA NvDLISR;C:\Program Files (x86)\NVIDIA Corporation\PhysX\Common;C:\Program Files\dotnet\;C:\Program Files\Gource\cmd;C:\Program Files\Git\cmd;C:\Program Files\Java\jdk-16.0.2\bin;C:\Users\louis\AppData\Local\Microsoft\WindowsApps;C:\Users\louis\.dotnet\tools;C:\Users\louis\AppData\Local\GitHubDesktop\bin;C:\Program Files (x86)\Brackets\;C:\wamp64\bin\php;C:\Users\louis\AppData\Local\Programs\Microsoft VS Code\bin;C:\Users\louis\.dotnet\tools;
USERNAME=louis
OS=Windows_NT
PROCESSOR_IDENTIFIER=AMD64 Family 23 Model 1 Stepping 1, AuthenticAMD



---------------  S Y S T E M  ---------------

OS:
 Windows 10 , 64 bit Build 19041 (10.0.19041.2546)
OS uptime: 0 days 4:06 hours

CPU: total 12 (initial active 12) (12 cores per cpu, 2 threads per core) family 23 model 1 stepping 1 microcode 0x0, cx8, cmov, fxsr, ht, mmx, 3dnowpref, sse, sse2, sse3, ssse3, sse4a, sse4.1, sse4.2, popcnt, lzcnt, tsc, tscinvbit, avx, avx2, aes, clmul, bmi1, bmi2, adx, sha, fma, vzeroupper, clflush, clflushopt

Memory: 4k page, system-wide physical 16315M (8733M free)
TotalPageFile size 24507M (AvailPageFile size 12735M)
current process WorkingSet (physical memory assigned to process): 248M, peak: 248M
current process commit charge ("private bytes"): 415M, peak: 442M

vm_info: Java HotSpot(TM) 64-Bit Server VM (18+36-2087) for windows-amd64 JRE (18+36-2087), built on Feb 15 2022 09:43:11 by "mach5one" with MS VC++ 16.8 / 16.9 (VS2019)

END.
